#
# There is insufficient memory for the Java Runtime Environment to continue.
# Native memory allocation (malloc) failed to allocate 32744 bytes for ChunkPool::allocate
# Possible reasons:
#   The system is out of physical RAM or swap space
#   In 32 bit mode, the process size limit was hit
# Possible solutions:
#   Reduce memory load on the system
#   Increase physical memory or swap space
#   Check if swap backing store is full
#   Use 64 bit Java on a 64 bit OS
#   Decrease Java heap size (-Xmx/-Xms)
#   Decrease number of Java threads
#   Decrease Java thread stack sizes (-Xss)
#   Set larger code cache with -XX:ReservedCodeCacheSize=
# This output file may be truncated or incomplete.
#
#  Out of Memory Error (allocation.cpp:273), pid=9592, tid=0x0000000000002b74
#
# JRE version: Java(TM) SE Runtime Environment (8.0_112-b15) (build 1.8.0_112-b15)
# Java VM: Java HotSpot(TM) 64-Bit Server VM (25.112-b15 mixed mode windows-amd64 compressed oops)
# Failed to write core dump. Minidumps are not enabled by default on client versions of Windows
#

---------------  T H R E A D  ---------------

Current thread (0x0000000058a74800):  JavaThread "C2 CompilerThread1" daemon [_thread_in_native, id=11124, stack(0x00000000592a0000,0x00000000593a0000)]

Stack: [0x00000000592a0000,0x00000000593a0000]
[error occurred during error reporting (printing stack bounds), id 0xc0000005]

Native frames: (J=compiled Java code, j=interpreted, Vv=VM code, C=native code)


Current CompileTask:
C2:  45298 5592       4       com.sun.beans.TypeResolver::resolve (37 bytes)


---------------  P R O C E S S  ---------------

Java Threads: ( => current thread )
  0x000000005b223800 JavaThread "spring.cloud.inetutils" daemon [_thread_blocked, id=12232, stack(0x0000000063160000,0x0000000063260000)]
  0x000000005b223000 JavaThread "container-0" [_thread_blocked, id=11696, stack(0x0000000062d70000,0x0000000062e70000)]
  0x000000005b222000 JavaThread "ContainerBackgroundProcessor[StandardEngine[Tomcat]]" daemon [_thread_blocked, id=12088, stack(0x0000000062c70000,0x0000000062d70000)]
  0x000000005b221800 JavaThread "localhost-startStop-1" daemon [_thread_blocked, id=9920, stack(0x0000000062840000,0x0000000062940000)]
  0x000000005b220800 JavaThread "Tomcat-startStop-1" daemon [_thread_blocked, id=1404, stack(0x00000000607d0000,0x00000000608d0000)]
  0x000000005fb36000 JavaThread "Abandoned connection cleanup thread" daemon [_thread_blocked, id=11388, stack(0x00000000606b0000,0x00000000607b0000)]
  0x000000005c0b2800 JavaThread "Tomcat JDBC Pool Cleaner[1943105171:1556008193303]" daemon [_thread_blocked, id=12036, stack(0x000000005cfb0000,0x000000005d0b0000)]
  0x000000005b54e000 JavaThread "restartedMain" [_thread_in_vm, id=5764, stack(0x0000000059090000,0x0000000059190000)]
  0x000000005bf40800 JavaThread "Thread-0" [_thread_blocked, id=10396, stack(0x0000000059e50000,0x0000000059f50000)]
  0x0000000058ad9800 JavaThread "Service Thread" daemon [_thread_blocked, id=12040, stack(0x0000000059500000,0x0000000059600000)]
  0x0000000058a76800 JavaThread "C1 CompilerThread2" daemon [_thread_blocked, id=11056, stack(0x00000000593e0000,0x00000000594e0000)]
=>0x0000000058a74800 JavaThread "C2 CompilerThread1" daemon [_thread_in_native, id=11124, stack(0x00000000592a0000,0x00000000593a0000)]
  0x0000000058a53800 JavaThread "C2 CompilerThread0" daemon [_thread_in_native, id=11488, stack(0x0000000059190000,0x0000000059290000)]
  0x0000000057588800 JavaThread "Attach Listener" daemon [_thread_blocked, id=8180, stack(0x0000000058f80000,0x0000000059080000)]
  0x000000005758f000 JavaThread "Signal Dispatcher" daemon [_thread_blocked, id=8708, stack(0x0000000058660000,0x0000000058760000)]
  0x0000000057572000 JavaThread "Finalizer" daemon [_thread_blocked, id=9008, stack(0x0000000058940000,0x0000000058a40000)]
  0x000000005752b000 JavaThread "Reference Handler" daemon [_thread_blocked, id=9876, stack(0x0000000058780000,0x0000000058880000)]
  0x00000000024ef800 JavaThread "main" [_thread_blocked, id=10412, stack(0x0000000002970000,0x0000000002a70000)]

Other Threads:
  0x0000000057523800 VMThread [stack: 0x0000000058500000,0x0000000058600000] [id=4912]
  0x0000000058b2e000 WatcherThread [stack: 0x0000000058e60000,0x0000000058f60000] [id=8660]

VM state:not at safepoint (normal execution)

VM Mutex/Monitor currently owned by a thread: None

Heap:
 PSYoungGen      total 377344K, used 123291K [0x00000000d6b80000, 0x00000000efc80000, 0x0000000100000000)
  eden space 357888K, 31% used [0x00000000d6b80000,0x00000000dd964f58,0x00000000ec900000)
  from space 19456K, 55% used [0x00000000ed680000,0x00000000ee101e28,0x00000000ee980000)
  to   space 14848K, 0% used [0x00000000eee00000,0x00000000eee00000,0x00000000efc80000)
 ParOldGen       total 73216K, used 41498K [0x0000000084200000, 0x0000000088980000, 0x00000000d6b80000)
  object space 73216K, 56% used [0x0000000084200000,0x0000000086a86a08,0x0000000088980000)
 Metaspace       used 56394K, capacity 56956K, committed 57472K, reserved 1099776K
  class space    used 7343K, capacity 7474K, committed 7552K, reserved 1048576K

Card table byte_map: [0x0000000011e30000,0x0000000012210000] byte_map_base: 0x0000000011a0f000

Marking Bits: (ParMarkBitMap*) 0x000000005aeea6d0
 Begin Bits: [0x00000000129c0000, 0x00000000148b8000)
 End Bits:   [0x00000000148b8000, 0x00000000167b0000)

Polling page: 0x0000000000130000

CodeCache: size=245760Kb used=18002Kb max_used=18002Kb free=227757Kb
 bounds [0x0000000002a70000, 0x0000000003c20000, 0x0000000011a70000]
 total_blobs=5290 nmethods=4749 adapters=453
 compilation: enabled

Compilation events (10 events):
Event: 45.182 Thread 0x0000000058a76800 nmethod 5665 0x0000000003c188d0 code [0x0000000003c18a40, 0x0000000003c18cb8]
Event: 45.185 Thread 0x0000000058a76800 5666       1       java.util.HashMap$Values::size (8 bytes)
Event: 45.185 Thread 0x0000000058a76800 nmethod 5666 0x0000000003c18e50 code [0x0000000003c18fa0, 0x0000000003c190b0]
Event: 45.188 Thread 0x0000000058a76800 5667   !   2       org.springframework.cglib.core.AbstractClassGenerator::create (161 bytes)
Event: 45.190 Thread 0x0000000058a76800 nmethod 5667 0x0000000003c19150 code [0x0000000003c193c0, 0x0000000003c19c78]
Event: 45.190 Thread 0x0000000058a76800 5668       2       org.springframework.cglib.core.AbstractClassGenerator::getClassLoader (53 bytes)
Event: 45.191 Thread 0x0000000058a76800 nmethod 5668 0x0000000003c1a610 code [0x0000000003c1a800, 0x0000000003c1adb8]
Event: 45.191 Thread 0x0000000058a76800 5669       2       org.springframework.cglib.core.AbstractClassGenerator$ClassLoaderData::get (25 bytes)
Event: 45.191 Thread 0x0000000058a76800 nmethod 5669 0x0000000003c1b410 code [0x0000000003c1b5a0, 0x0000000003c1b788]
Event: 45.287 Thread 0x0000000058a76800 5670       2       org.springframework.cglib.core.AbstractClassGenerator$ClassLoaderData$2::apply (9 bytes)

GC Heap History (10 events):
Event: 20.550 GC heap before
{Heap before GC invocations=9 (full 1):
 PSYoungGen      total 139264K, used 134588K [0x00000000d6b80000, 0x00000000e7180000, 0x0000000100000000)
  eden space 126976K, 100% used [0x00000000d6b80000,0x00000000de780000,0x00000000de780000)
  from space 12288K, 61% used [0x00000000de780000,0x00000000deeef0b0,0x00000000df380000)
  to   space 11776K, 0% used [0x00000000e6600000,0x00000000e6600000,0x00000000e7180000)
 ParOldGen       total 50176K, used 9694K [0x0000000084200000, 0x0000000087300000, 0x00000000d6b80000)
  object space 50176K, 19% used [0x0000000084200000,0x0000000084b778a8,0x0000000087300000)
 Metaspace       used 26815K, capacity 27134K, committed 27520K, reserved 1073152K
  class space    used 3346K, capacity 3419K, committed 3456K, reserved 1048576K
Event: 20.627 GC heap after
Heap after GC invocations=9 (full 1):
 PSYoungGen      total 257024K, used 6327K [0x00000000d6b80000, 0x00000000e7200000, 0x0000000100000000)
  eden space 245248K, 0% used [0x00000000d6b80000,0x00000000d6b80000,0x00000000e5b00000)
  from space 11776K, 53% used [0x00000000e6600000,0x00000000e6c2dea0,0x00000000e7180000)
  to   space 11264K, 0% used [0x00000000e5b00000,0x00000000e5b00000,0x00000000e6600000)
 ParOldGen       total 50176K, used 9694K [0x0000000084200000, 0x0000000087300000, 0x00000000d6b80000)
  object space 50176K, 19% used [0x0000000084200000,0x0000000084b778a8,0x0000000087300000)
 Metaspace       used 26815K, capacity 27134K, committed 27520K, reserved 1073152K
  class space    used 3346K, capacity 3419K, committed 3456K, reserved 1048576K
}
Event: 25.065 GC heap before
{Heap before GC invocations=10 (full 1):
 PSYoungGen      total 257024K, used 217879K [0x00000000d6b80000, 0x00000000e7200000, 0x0000000100000000)
  eden space 245248K, 86% used [0x00000000d6b80000,0x00000000e3a17d80,0x00000000e5b00000)
  from space 11776K, 53% used [0x00000000e6600000,0x00000000e6c2dea0,0x00000000e7180000)
  to   space 11264K, 0% used [0x00000000e5b00000,0x00000000e5b00000,0x00000000e6600000)
 ParOldGen       total 50176K, used 9694K [0x0000000084200000, 0x0000000087300000, 0x00000000d6b80000)
  object space 50176K, 19% used [0x0000000084200000,0x0000000084b778a8,0x0000000087300000)
 Metaspace       used 34727K, capacity 35198K, committed 35496K, reserved 1081344K
  class space    used 4367K, capacity 4521K, committed 4608K, reserved 1048576K
Event: 25.088 GC heap after
Heap after GC invocations=10 (full 1):
 PSYoungGen      total 256512K, used 11244K [0x00000000d6b80000, 0x00000000efc80000, 0x0000000100000000)
  eden space 245248K, 0% used [0x00000000d6b80000,0x00000000d6b80000,0x00000000e5b00000)
  from space 11264K, 99% used [0x00000000e5b00000,0x00000000e65fb218,0x00000000e6600000)
  to   space 14848K, 0% used [0x00000000eee00000,0x00000000eee00000,0x00000000efc80000)
 ParOldGen       total 50176K, used 15371K [0x0000000084200000, 0x0000000087300000, 0x00000000d6b80000)
  object space 50176K, 30% used [0x0000000084200000,0x0000000085102cc0,0x0000000087300000)
 Metaspace       used 34727K, capacity 35198K, committed 35496K, reserved 1081344K
  class space    used 4367K, capacity 4521K, committed 4608K, reserved 1048576K
}
Event: 25.088 GC heap before
{Heap before GC invocations=11 (full 2):
 PSYoungGen      total 256512K, used 11244K [0x00000000d6b80000, 0x00000000efc80000, 0x0000000100000000)
  eden space 245248K, 0% used [0x00000000d6b80000,0x00000000d6b80000,0x00000000e5b00000)
  from space 11264K, 99% used [0x00000000e5b00000,0x00000000e65fb218,0x00000000e6600000)
  to   space 14848K, 0% used [0x00000000eee00000,0x00000000eee00000,0x00000000efc80000)
 ParOldGen       total 50176K, used 15371K [0x0000000084200000, 0x0000000087300000, 0x00000000d6b80000)
  object space 50176K, 30% used [0x0000000084200000,0x0000000085102cc0,0x0000000087300000)
 Metaspace       used 34727K, capacity 35198K, committed 35496K, reserved 1081344K
  class space    used 4367K, capacity 4521K, committed 4608K, reserved 1048576K
Event: 25.214 GC heap after
Heap after GC invocations=11 (full 2):
 PSYoungGen      total 256512K, used 0K [0x00000000d6b80000, 0x00000000efc80000, 0x0000000100000000)
  eden space 245248K, 0% used [0x00000000d6b80000,0x00000000d6b80000,0x00000000e5b00000)
  from space 11264K, 0% used [0x00000000e5b00000,0x00000000e5b00000,0x00000000e6600000)
  to   space 14848K, 0% used [0x00000000eee00000,0x00000000eee00000,0x00000000efc80000)
 ParOldGen       total 73216K, used 25255K [0x0000000084200000, 0x0000000088980000, 0x00000000d6b80000)
  object space 73216K, 34% used [0x0000000084200000,0x0000000085aa9d88,0x0000000088980000)
 Metaspace       used 34727K, capacity 35198K, committed 35496K, reserved 1081344K
  class space    used 4367K, capacity 4521K, committed 4608K, reserved 1048576K
}
Event: 34.784 GC heap before
{Heap before GC invocations=12 (full 2):
 PSYoungGen      total 256512K, used 245248K [0x00000000d6b80000, 0x00000000efc80000, 0x0000000100000000)
  eden space 245248K, 100% used [0x00000000d6b80000,0x00000000e5b00000,0x00000000e5b00000)
  from space 11264K, 0% used [0x00000000e5b00000,0x00000000e5b00000,0x00000000e6600000)
  to   space 14848K, 0% used [0x00000000eee00000,0x00000000eee00000,0x00000000efc80000)
 ParOldGen       total 73216K, used 25255K [0x0000000084200000, 0x0000000088980000, 0x00000000d6b80000)
  object space 73216K, 34% used [0x0000000084200000,0x0000000085aa9d88,0x0000000088980000)
 Metaspace       used 50596K, capacity 51092K, committed 51584K, reserved 1093632K
  class space    used 6585K, capacity 6726K, committed 6784K, reserved 1048576K
Event: 34.809 GC heap after
Heap after GC invocations=12 (full 2):
 PSYoungGen      total 372736K, used 14844K [0x00000000d6b80000, 0x00000000efc80000, 0x0000000100000000)
  eden space 357888K, 0% used [0x00000000d6b80000,0x00000000d6b80000,0x00000000ec900000)
  from space 14848K, 99% used [0x00000000eee00000,0x00000000efc7f098,0x00000000efc80000)
  to   space 19456K, 0% used [0x00000000ed680000,0x00000000ed680000,0x00000000ee980000)
 ParOldGen       total 73216K, used 32392K [0x0000000084200000, 0x0000000088980000, 0x00000000d6b80000)
  object space 73216K, 44% used [0x0000000084200000,0x00000000861a2180,0x0000000088980000)
 Metaspace       used 50596K, capacity 51092K, committed 51584K, reserved 1093632K
  class space    used 6585K, capacity 6726K, committed 6784K, reserved 1048576K
}
Event: 41.864 GC heap before
{Heap before GC invocations=13 (full 2):
 PSYoungGen      total 372736K, used 372732K [0x00000000d6b80000, 0x00000000efc80000, 0x0000000100000000)
  eden space 357888K, 100% used [0x00000000d6b80000,0x00000000ec900000,0x00000000ec900000)
  from space 14848K, 99% used [0x00000000eee00000,0x00000000efc7f098,0x00000000efc80000)
  to   space 19456K, 0% used [0x00000000ed680000,0x00000000ed680000,0x00000000ee980000)
 ParOldGen       total 73216K, used 32392K [0x0000000084200000, 0x0000000088980000, 0x00000000d6b80000)
  object space 73216K, 44% used [0x0000000084200000,0x00000000861a2180,0x0000000088980000)
 Metaspace       used 54492K, capacity 55120K, committed 55680K, reserved 1097728K
  class space    used 7080K, capacity 7248K, committed 7296K, reserved 1048576K
Event: 41.922 GC heap after
Heap after GC invocations=13 (full 2):
 PSYoungGen      total 377344K, used 10759K [0x00000000d6b80000, 0x00000000efc80000, 0x0000000100000000)
  eden space 357888K, 0% used [0x00000000d6b80000,0x00000000d6b80000,0x00000000ec900000)
  from space 19456K, 55% used [0x00000000ed680000,0x00000000ee101e28,0x00000000ee980000)
  to   space 14848K, 0% used [0x00000000eee00000,0x00000000eee00000,0x00000000efc80000)
 ParOldGen       total 73216K, used 41498K [0x0000000084200000, 0x0000000088980000, 0x00000000d6b80000)
  object space 73216K, 56% used [0x0000000084200000,0x0000000086a86a08,0x0000000088980000)
 Metaspace       used 54492K, capacity 55120K, committed 55680K, reserved 1097728K
  class space    used 7080K, capacity 7248K, committed 7296K, reserved 1048576K
}

Deoptimization events (10 events):
Event: 38.979 Thread 0x000000005b54e000 Uncommon trap: reason=unstable_if action=reinterpret pc=0x00000000036fcd14 method=java.util.WeakHashMap.put(Ljava/lang/Object;Ljava/lang/Object;)Ljava/lang/Object; @ 47
Event: 39.087 Thread 0x000000005b54e000 Uncommon trap: reason=unstable_if action=reinterpret pc=0x0000000003a47760 method=sun.reflect.generics.reflectiveObjects.WildcardTypeImpl.getLowerBounds()[Ljava/lang/reflect/Type; @ 23
Event: 41.409 Thread 0x000000005b54e000 Uncommon trap: reason=unstable_if action=reinterpret pc=0x00000000033f7fe0 method=java.util.concurrent.ConcurrentHashMap.transfer([Ljava/util/concurrent/ConcurrentHashMap$Node;[Ljava/util/concurrent/ConcurrentHashMap$Node;)V @ 356
Event: 41.415 Thread 0x000000005b54e000 Uncommon trap: reason=unstable_if action=reinterpret pc=0x00000000032504e4 method=java.util.concurrent.ConcurrentHashMap.transfer([Ljava/util/concurrent/ConcurrentHashMap$Node;[Ljava/util/concurrent/ConcurrentHashMap$Node;)V @ 356
Event: 41.945 Thread 0x000000005b54e000 Uncommon trap: reason=null_check action=make_not_entrant pc=0x0000000003b19bf8 method=org.springframework.core.annotation.AnnotatedElementUtils.searchWithGetSemanticsInAnnotations(Ljava/lang/reflect/AnnotatedElement;Ljava/util/List;Ljava/lang/Class;Ljava/
Event: 41.955 Thread 0x000000005b54e000 Uncommon trap: reason=null_check action=make_not_entrant pc=0x0000000002f1680c method=org.springframework.util.ClassUtils.isAssignable(Ljava/lang/Class;Ljava/lang/Class;)Z @ 38
Event: 42.373 Thread 0x000000005b54e000 Uncommon trap: reason=class_check action=maybe_recompile pc=0x00000000039ce7f8 method=org.springframework.asm.ClassReader.readCode(Lorg/springframework/asm/MethodVisitor;Lorg/springframework/asm/Context;I)V @ 2397
Event: 42.373 Thread 0x000000005b54e000 Uncommon trap: reason=unstable_if action=reinterpret pc=0x00000000039cbc34 method=org.springframework.asm.ClassReader.readCode(Lorg/springframework/asm/MethodVisitor;Lorg/springframework/asm/Context;I)V @ 720
Event: 43.191 Thread 0x000000005b54e000 Uncommon trap: reason=unstable_if action=reinterpret pc=0x00000000037f2480 method=org.springframework.util.ConcurrentReferenceHashMap$Segment.findInChain(Lorg/springframework/util/ConcurrentReferenceHashMap$Reference;Ljava/lang/Object;I)Lorg/springframewo
Event: 44.976 Thread 0x000000005b54e000 Uncommon trap: reason=range_check action=make_not_entrant pc=0x00000000031bd358 method=java.lang.String.charAt(I)C @ 27

Internal exceptions (10 events):
Event: 45.167 Thread 0x000000005b54e000 Exception <a 'java/lang/ClassNotFoundException': org/springframework/boot/autoconfigure/jmx/JmxAutoConfiguration$$EnhancerBySpringCGLIB$$53a3c399Customizer> (0x00000000dd230818) thrown at [C:\re\workspace\8-2-build-windows-amd64-cygwin\jdk8u112\7884\hotsp
Event: 45.168 Thread 0x000000005b54e000 Exception <a 'java/lang/ClassNotFoundException': org/springframework/context/annotation/ConfigurationClassEnhancer$EnhancedConfigurationCustomizer> (0x00000000dd2790d8) thrown at [C:\re\workspace\8-2-build-windows-amd64-cygwin\jdk8u112\7884\hotspot\src\sh
Event: 45.168 Thread 0x000000005b54e000 Exception <a 'java/lang/ClassNotFoundException': org/springframework/context/EnvironmentAwareCustomizer> (0x00000000dd2a0390) thrown at [C:\re\workspace\8-2-build-windows-amd64-cygwin\jdk8u112\7884\hotspot\src\share\vm\classfile\systemDictionary.cpp, line
Event: 45.169 Thread 0x000000005b54e000 Exception <a 'java/lang/ClassNotFoundException': org/springframework/beans/factory/BeanFactoryAwareCustomizer> (0x00000000dd2cbca0) thrown at [C:\re\workspace\8-2-build-windows-amd64-cygwin\jdk8u112\7884\hotspot\src\share\vm\classfile\systemDictionary.cpp
Event: 45.182 Thread 0x000000005b54e000 Exception <a 'java/lang/ClassNotFoundException': java/lang/ObjectCustomizer> (0x00000000dd415470) thrown at [C:\re\workspace\8-2-build-windows-amd64-cygwin\jdk8u112\7884\hotspot\src\share\vm\classfile\systemDictionary.cpp, line 210]
Event: 45.183 Thread 0x000000005b54e000 Exception <a 'java/lang/ClassNotFoundException': org/springframework/jmx/export/naming/MetadataNamingStrategyCustomizer> (0x00000000dd4485c8) thrown at [C:\re\workspace\8-2-build-windows-amd64-cygwin\jdk8u112\7884\hotspot\src\share\vm\classfile\systemDict
Event: 45.184 Thread 0x000000005b54e000 Exception <a 'java/lang/ClassNotFoundException': org/springframework/boot/autoconfigure/jmx/ParentAwareNamingStrategyCustomizer> (0x00000000dd4803b0) thrown at [C:\re\workspace\8-2-build-windows-amd64-cygwin\jdk8u112\7884\hotspot\src\share\vm\classfile\sy
Event: 45.185 Thread 0x000000005b54e000 Exception <a 'java/lang/ClassNotFoundException': org/springframework/context/ApplicationContextAwareCustomizer> (0x00000000dd4b3920) thrown at [C:\re\workspace\8-2-build-windows-amd64-cygwin\jdk8u112\7884\hotspot\src\share\vm\classfile\systemDictionary.cp
Event: 45.186 Thread 0x000000005b54e000 Exception <a 'java/lang/ClassNotFoundException': org/springframework/jmx/export/naming/ObjectNamingStrategyCustomizer> (0x00000000dd4e3b80) thrown at [C:\re\workspace\8-2-build-windows-amd64-cygwin\jdk8u112\7884\hotspot\src\share\vm\classfile\systemDictio
Event: 45.187 Thread 0x000000005b54e000 Exception <a 'java/lang/ClassNotFoundException': org/springframework/beans/factory/InitializingBeanCustomizer> (0x00000000dd50f358) thrown at [C:\re\workspace\8-2-build-windows-amd64-cygwin\jdk8u112\7884\hotspot\src\share\vm\classfile\systemDictionary.cpp

Events (10 events):
Event: 45.284 loading class javax/management/modelmbean/ModelMBeanInfo
Event: 45.284 loading class javax/management/modelmbean/ModelMBeanInfo done
Event: 45.285 loading class org/springframework/jmx/export/naming/KeyNamingStrategy
Event: 45.285 loading class org/springframework/jmx/export/naming/KeyNamingStrategy done
Event: 45.285 loading class org/springframework/jmx/export/assembler/MetadataMBeanInfoAssembler
Event: 45.285 loading class org/springframework/jmx/export/assembler/MetadataMBeanInfoAssembler done
Event: 45.286 loading class org/springframework/jmx/export/assembler/AutodetectCapableMBeanInfoAssembler
Event: 45.286 loading class org/springframework/jmx/export/assembler/AutodetectCapableMBeanInfoAssembler done
Event: 45.287 loading class org/springframework/context/annotation/MBeanExportConfiguration$SpecificPlatform
Event: 45.287 loading class org/springframework/context/annotation/MBeanExportConfiguration$SpecificPlatform done


Dynamic libraries:
0x000000013f430000 - 0x000000013f467000 	D:\java\jdk\bin\javaw.exe
0x0000000077740000 - 0x00000000778ea000 	C:\Windows\SYSTEM32\ntdll.dll
0x0000000077520000 - 0x000000007763f000 	C:\Windows\system32\kernel32.dll
0x000007fefd9a0000 - 0x000007fefda0b000 	C:\Windows\system32\KERNELBASE.dll
0x000007feff290000 - 0x000007feff36b000 	C:\Windows\system32\ADVAPI32.dll
0x000007feff510000 - 0x000007feff5af000 	C:\Windows\system32\msvcrt.dll
0x000007fefee90000 - 0x000007fefeeaf000 	C:\Windows\SYSTEM32\sechost.dll
0x000007fefdb60000 - 0x000007fefdc8d000 	C:\Windows\system32\RPCRT4.dll
0x0000000077640000 - 0x000000007773a000 	C:\Windows\system32\USER32.dll
0x000007feff220000 - 0x000007feff287000 	C:\Windows\system32\GDI32.dll
0x000007feff370000 - 0x000007feff37e000 	C:\Windows\system32\LPK.dll
0x000007feff090000 - 0x000007feff15a000 	C:\Windows\system32\USP10.dll
0x000007fefc130000 - 0x000007fefc324000 	C:\Windows\WinSxS\amd64_microsoft.windows.common-controls_6595b64144ccf1df_6.0.7601.18837_none_fa3b1e3d17594757\COMCTL32.dll
0x000007fefee10000 - 0x000007fefee81000 	C:\Windows\system32\SHLWAPI.dll
0x000007fefdb30000 - 0x000007fefdb5e000 	C:\Windows\system32\IMM32.DLL
0x000007feff5b0000 - 0x000007feff6b9000 	C:\Windows\system32\MSCTF.dll
0x000000006c2e0000 - 0x000000006c3b2000 	D:\java\jdk\jre\bin\msvcr100.dll
0x000000005a6d0000 - 0x000000005af6a000 	D:\java\jdk\jre\bin\server\jvm.dll
0x000007fef1130000 - 0x000007fef1139000 	C:\Windows\system32\WSOCK32.dll
0x000007feffa00000 - 0x000007feffa4d000 	C:\Windows\system32\WS2_32.dll
0x000007feff8d0000 - 0x000007feff8d8000 	C:\Windows\system32\NSI.dll
0x000007fefb180000 - 0x000007fefb1bb000 	C:\Windows\system32\WINMM.dll
0x000007fefc740000 - 0x000007fefc74c000 	C:\Windows\system32\VERSION.dll
0x0000000077900000 - 0x0000000077907000 	C:\Windows\system32\PSAPI.DLL
0x0000000070410000 - 0x000000007041f000 	D:\java\jdk\jre\bin\verify.dll
0x000000006f870000 - 0x000000006f899000 	D:\java\jdk\jre\bin\java.dll
0x00000000703e0000 - 0x00000000703f6000 	D:\java\jdk\jre\bin\zip.dll
0x000007fefe080000 - 0x000007fefee09000 	C:\Windows\system32\SHELL32.dll
0x000007feff6c0000 - 0x000007feff8c3000 	C:\Windows\system32\ole32.dll
0x000007fefd640000 - 0x000007fefd64f000 	C:\Windows\system32\profapi.dll
0x000000006f830000 - 0x000000006f84a000 	D:\java\jdk\jre\bin\net.dll
0x000007fefce70000 - 0x000007fefcec5000 	C:\Windows\system32\mswsock.dll
0x000007fefce60000 - 0x000007fefce67000 	C:\Windows\System32\wship6.dll
0x000007fefad50000 - 0x000007fefad77000 	C:\Windows\system32\IPHLPAPI.DLL
0x000007fefad30000 - 0x000007fefad3b000 	C:\Windows\system32\WINNSI.DLL
0x000007fefa8d0000 - 0x000007fefa8e8000 	C:\Windows\system32\dhcpcsvc.DLL
0x000007fefa8b0000 - 0x000007fefa8c1000 	C:\Windows\system32\dhcpcsvc6.DLL
0x000007fefccf0000 - 0x000007fefcd4b000 	C:\Windows\system32\DNSAPI.dll
0x000007fefc760000 - 0x000007fefc874000 	C:\Windows\SysWOW64\ierd_tgp_lsp64.dll
0x000007fefc750000 - 0x000007fefc753000 	C:\Windows\system32\api-ms-win-core-synch-l1-2-0.DLL
0x000007fefc730000 - 0x000007fefc737000 	C:\Windows\System32\wshtcpip.dll
0x000007fef9ed0000 - 0x000007fef9ed8000 	C:\Windows\system32\rasadhlp.dll
0x000007fefabb0000 - 0x000007fefac03000 	C:\Windows\System32\fwpuclnt.dll
0x000000006e6a0000 - 0x000000006e6ad000 	D:\java\jdk\jre\bin\management.dll
0x000007fefafc0000 - 0x000007fefafd5000 	C:\Windows\system32\NLAapi.dll
0x000007fef8400000 - 0x000007fef8415000 	C:\Windows\system32\napinsp.dll
0x000007fef83e0000 - 0x000007fef83f9000 	C:\Windows\system32\pnrpnsp.dll
0x000007fef83d0000 - 0x000007fef83db000 	C:\Windows\System32\winrnr.dll
0x000007fef83c0000 - 0x000007fef83d0000 	C:\Windows\system32\wshbth.dll
0x000000006f760000 - 0x000000006f771000 	D:\java\jdk\jre\bin\nio.dll
0x000000006f5d0000 - 0x000000006f5f4000 	D:\java\jdk\jre\bin\sunec.dll
0x000007fefced0000 - 0x000007fefcee7000 	C:\Windows\system32\CRYPTSP.dll
0x000007fefcbd0000 - 0x000007fefcc17000 	C:\Windows\system32\rsaenh.dll
0x000007fefc980000 - 0x000007fefc99e000 	C:\Windows\system32\USERENV.dll
0x000007fefd570000 - 0x000007fefd57f000 	C:\Windows\system32\CRYPTBASE.dll
0x0000000075270000 - 0x000000007527b000 	D:\java\jdk\jre\bin\sunmscapi.dll
0x000007fefd7d0000 - 0x000007fefd93c000 	C:\Windows\system32\CRYPT32.dll
0x000007fefd6e0000 - 0x000007fefd6ef000 	C:\Windows\system32\MSASN1.dll

VM Arguments:
jvm_args: -Dfile.encoding=UTF-8 
java_command: com.wx.wxweb.SpringBootMain
java_class_path (initial): D:\wxweb\target\classes;C:\Users\Administrator\.m2\repository\mysql\mysql-connector-java\8.0.11\mysql-connector-java-8.0.11.jar;C:\Users\Administrator\.m2\repository\com\google\protobuf\protobuf-java\2.6.0\protobuf-java-2.6.0.jar;C:\Users\Administrator\.m2\repository\com\ibeetl\beetl-framework-starter\1.1.15.RELEASE\beetl-framework-starter-1.1.15.RELEASE.jar;C:\Users\Administrator\.m2\repository\com\ibeetl\beetlsql\2.9.10\beetlsql-2.9.10.jar;C:\Users\Administrator\.m2\repository\org\apache\shiro\shiro-spring\1.3.2\shiro-spring-1.3.2.jar;C:\Users\Administrator\.m2\repository\org\apache\shiro\shiro-core\1.3.2\shiro-core-1.3.2.jar;C:\Users\Administrator\.m2\repository\org\slf4j\slf4j-api\1.7.22\slf4j-api-1.7.22.jar;C:\Users\Administrator\.m2\repository\commons-beanutils\commons-beanutils\1.9.3\commons-beanutils-1.9.3.jar;C:\Users\Administrator\.m2\repository\commons-collections\commons-collections\3.2.2\commons-collections-3.2.2.jar;C:\Users\Administrator\.m2\repository\org\apache\shiro\shiro-web\1.3.2\shiro-web-1.3.2.jar;C:\Users\Administrator\.m2\repository\org\beetl\beetl-core\2.2.3\beetl-core-2.2.3.jar;C:\Users\Administrator\.m2\repository\org\antlr\antlr4-runtime\4.2\antlr4-runtime-4.2.jar;C:\Users\Administrator\.m2\repository\org\abego\treelayout\org.abego.treelayout.core\1.0.1\org.abego.treelayout.core-1.0.1.jar;C:\Users\Administrator\.m2\repository\org\antlr\antlr4-annotations\4.2\antlr4-annotations-4.2.jar;C:\Users\Administrator\.m2\repository\org\apache\commons\commons-lang3\3.3.2\commons-lang3-3.3.2.jar;C:\Users\Administrator\.m2\repository\com\ibeetl\beetl\2.7.23\beetl-2.7.23.jar;C:\Users\Administrator\.m2\repository\org\springframework\boot\spring-boot-starter-web\1.5.1.RELEASE\spring-boot-starter-web-1.5.1.RELEASE.jar;C:\Users\Administrator\.m2\repository\org\springframework\boot\spring-boot-starter\1.5.1.RELEASE\spring-boot-starter-1.5.1.RELEASE.jar;C:\Users\Administrator\.m2\repository\org\springframework\boot\spring-boot-st
Launcher Type: SUN_STANDARD

Environment Variables:
JAVA_HOME=D:\java\jdk
CLASSPATH=.;D:\java\jdk\lib\dt.jar;D:\java\jdk\lib\tools.jar;
PATH=D:/java/jdk/bin/../jre/bin/server;D:/java/jdk/bin/../jre/bin;D:/java/jdk/bin/../jre/lib/amd64;E:\app\Oracle;E:\app\Oracle\product\11.2.0\client_1;E:\app\Oracle\product\11.2.0\dbhome_1\bin;D:\Maven\apache-maven-3.5.2-bin\apache-maven-3.5.2\bin;D:\java\jdk\bin;D:\java\jdk\jre\bin;C:\Windows\system32;C:\Windows;C:\Windows\System32\Wbem;C:\Windows\System32\WindowsPowerShell\v1.0\;C:\Program Files\ibm\gsk8\lib64;C:\Program Files (x86)\ibm\gsk8\lib;%CATALINA_HOME%\lib;%CATALINA_HOME%\bin;C:\Program Files\MongoDB\Server\3.2\bin;C:\Program Files\TortoiseSVN\bin;C:\Program Files\Microsoft SQL Server\120\DTS\Binn\;C:\Program Files\Microsoft SQL Server\Client SDK\ODBC\110\Tools\Binn\;C:\Program Files (x86)\Microsoft SQL Server\120\Tools\Binn\;C:\Program Files\Microsoft SQL Server\120\Tools\Binn\;C:\Program Files (x86)\Microsoft SQL Server\120\Tools\Binn\ManagementStudio\;C:\Program Files (x86)\Microsoft SQL Server\120\DTS\Binn\;F:\eclipse\1\eclipse;
USERNAME=Administrator
OS=Windows_NT
PROCESSOR_IDENTIFIER=Intel64 Family 6 Model 61 Stepping 4, GenuineIntel



---------------  S Y S T E M  ---------------

OS: Windows 7 , 64 bit Build 7601 (6.1.7601.19135)

CPU:total 4 (2 cores per cpu, 2 threads per core) family 6 model 61 stepping 4, cmov, cx8, fxsr, mmx, sse, sse2, sse3, ssse3, sse4.1, sse4.2, popcnt, avx, avx2, aes, clmul, erms, 3dnowpref, lzcnt, ht, tsc, tscinvbit, bmi1, bmi2, adx

Memory: 4k page, physical 8116412k(855764k free), swap 10211728k(5124k free)

vm_info: Java HotSpot(TM) 64-Bit Server VM (25.112-b15) for windows-amd64 JRE (1.8.0_112-b15), built on Sep 22 2016 21:31:56 by "java_re" with MS VC++ 10.0 (VS2010)

time: Tue Apr 23 16:30:14 2019
elapsed time: 45 seconds (0d 0h 0m 45s)

